<?xml version="1.0" encoding="UTF-8"?>
<!-- Generated by org.testng.reporters.JUnitXMLReporter -->
<testsuite hostname="LAPTOP-RK8GET98" ignored="0" name="Test01" tests="2" failures="0" timestamp="2022-10-07T21:11:51 IST" time="34.17" errors="0">
  <testcase name="createOrganizationTest" time="30.397" classname="com.crm.createorganization.CreateOrganizationTest"/>
  <testcase name="modifyOrg" time="0.003" classname="com.crm.createorganization.CreateOrganizationTest"/>
</testsuite> <!-- Test01 -->
