<?xml version="1.0" encoding="UTF-8"?>
<!-- Generated by org.testng.reporters.JUnitXMLReporter -->
<testsuite hostname="LAPTOP-RK8GET98" ignored="1" name="Test" tests="1" failures="0" timestamp="2022-10-07T21:21:07 IST" time="2.98" errors="0">
  <testcase name="modifyOrg" time="0.014" classname="com.crm.createorganization.CreateOrganizationTest"/>
  <testcase name="createOrganizationTest" time="0.0" classname="com.crm.createorganization.CreateOrganizationTest">
    <ignored/>
  </testcase> <!-- createOrganizationTest -->
</testsuite> <!-- Test -->
