<?xml version="1.0" encoding="UTF-8"?>
<!-- Generated by org.testng.reporters.JUnitXMLReporter -->
<testsuite hostname="LAPTOP-RK8GET98" ignored="0" name="Testrunner1" tests="2" failures="0" timestamp="2022-10-07T21:16:55 IST" time="35.108" errors="0">
  <testcase name="createOrganizationTest" time="30.618" classname="com.crm.createorganization.CreateOrganizationTest"/>
  <testcase name="modifyOrg" time="0.002" classname="com.crm.createorganization.CreateOrganizationTest"/>
</testsuite> <!-- Testrunner1 -->
